#
# There is insufficient memory for the Java Runtime Environment to continue.
# Native memory allocation (mmap) failed to map 536870912 bytes. Error detail: G1 virtual space
# Possible reasons:
#   The system is out of physical RAM or swap space
#   This process is running with CompressedOops enabled, and the Java Heap may be blocking the growth of the native heap
# Possible solutions:
#   Reduce memory load on the system
#   Increase physical memory or swap space
#   Check if swap backing store is full
#   Decrease Java heap size (-Xmx/-Xms)
#   Decrease number of Java threads
#   Decrease Java thread stack sizes (-Xss)
#   Set larger code cache with -XX:ReservedCodeCacheSize=
#   JVM is running with Zero Based Compressed Oops mode in which the Java heap is
#     placed in the first 32GB address space. The Java Heap base address is the
#     maximum limit for the native heap growth. Please use -XX:HeapBaseMinAddress
#     to set the Java Heap base and to place the Java Heap above 32GB virtual address.
# This output file may be truncated or incomplete.
#
#  Out of Memory Error (os_windows.cpp:3631), pid=121832, tid=93976
#
# JRE version:  (22.0.2+9) (build )
# Java VM: OpenJDK 64-Bit Server VM (22.0.2+9-FR, mixed mode, sharing, tiered, compressed oops, compressed class ptrs, g1 gc, windows-amd64)
# No core dump will be written. Minidumps are not enabled by default on client versions of Windows
#

---------------  S U M M A R Y ------------

Command Line: -Dmaven.multiModuleProjectDirectory=L:\java-shareit-gateway -Djansi.passthrough=true -Dmaven.home=L:\IntelliJ IDEA 2022.3\IntelliJ IDEA Community Edition 2022.3.1\plugins\maven\lib\maven3 -Dclassworlds.conf=L:\IntelliJ IDEA 2022.3\IntelliJ IDEA Community Edition 2022.3.1\plugins\maven\lib\maven3\bin\m2.conf -Dmaven.ext.class.path=L:\IntelliJ IDEA 2022.3\IntelliJ IDEA Community Edition 2022.3.1\plugins\maven\lib\maven-event-listener.jar -javaagent:L:\IntelliJ IDEA 2022.3\IntelliJ IDEA Community Edition 2022.3.1\lib\idea_rt.jar=51756:L:\IntelliJ IDEA 2022.3\IntelliJ IDEA Community Edition 2022.3.1\bin -Dfile.encoding=UTF-8 -Dsun.stdout.encoding=UTF-8 -Dsun.stderr.encoding=UTF-8 org.codehaus.classworlds.Launcher -Didea.version=2024.2.2 clean

Host: Intel(R) Core(TM) i7-9700K CPU @ 3.60GHz, 8 cores, 31G,  Windows 10 , 64 bit Build 19041 (10.0.19041.5198)
Time: Mon Jan 13 23:49:14 2025 RTZ 2 (s 10 , 64 bit Build 19041 (10.0.19041.5198) elapsed time: 0.016430 seconds (0d 0h 0m 0s)

---------------  T H R E A D  ---------------

Current thread (0x0000028b887a5730):  JavaThread "Unknown thread" [_thread_in_vm, id=93976, stack(0x000000f867500000,0x000000f867600000) (1024K)]

Stack: [0x000000f867500000,0x000000f867600000]
Native frames: (J=compiled Java code, j=interpreted, Vv=VM code, C=native code)
V  [jvm.dll+0x6f7bb9]  (no source info available)
V  [jvm.dll+0x8dc245]  (no source info available)
V  [jvm.dll+0x8de4ae]  (no source info available)
V  [jvm.dll+0x8deb93]  (no source info available)
V  [jvm.dll+0x28d336]  (no source info available)
V  [jvm.dll+0x6f4295]  (no source info available)
V  [jvm.dll+0x6e899a]  (no source info available)
V  [jvm.dll+0x369e6b]  (no source info available)
V  [jvm.dll+0x372386]  (no source info available)
V  [jvm.dll+0x3c4bf6]  (no source info available)
V  [jvm.dll+0x3c4ec8]  (no source info available)
V  [jvm.dll+0x33c86c]  (no source info available)
V  [jvm.dll+0x33d668]  (no source info available)
V  [jvm.dll+0x8a329c]  (no source info available)
V  [jvm.dll+0x3d2271]  (no source info available)
V  [jvm.dll+0x88c17c]  (no source info available)
V  [jvm.dll+0x46b7ae]  (no source info available)
V  [jvm.dll+0x46d5f1]  (no source info available)
C  [jli.dll+0x52ab]  (no source info available)
C  [ucrtbase.dll+0x21bb2]  (no source info available)
C  [KERNEL32.DLL+0x17374]  (no source info available)
C  [ntdll.dll+0x4cc91]  (no source info available)


---------------  P R O C E S S  ---------------

Threads class SMR info:
_java_thread_list=0x00007ffcd1ffc648, length=0, elements={
}

Java Threads: ( => current thread )
Total: 0

Other Threads:
  0x0000028b8aad0420 WorkerThread "GC Thread#0"                     [id=123416, stack(0x000000f867600000,0x000000f867700000) (1024K)]
  0x0000028b8aae1bf0 ConcurrentGCThread "G1 Main Marker"            [id=89916, stack(0x000000f867700000,0x000000f867800000) (1024K)]
  0x0000028b8aae2610 WorkerThread "G1 Conc#0"                       [id=75888, stack(0x000000f867800000,0x000000f867900000) (1024K)]

[error occurred during error reporting (printing all threads), id 0xc0000005, EXCEPTION_ACCESS_VIOLATION (0xc0000005) at pc=0x00007ffcd16e0547]
VM state: not at safepoint (not fully initialized)

VM Mutex/Monitor currently owned by a thread:  ([mutex/lock_event])
[0x00007ffcd2080010] Heap_lock - owner thread: 0x0000028b887a5730

Heap address: 0x0000000601000000, size: 8176 MB, Compressed Oops mode: Zero based, Oop shift amount: 3

CDS archive(s) mapped at: [0x0000000000000000-0x0000000000000000-0x0000000000000000), size 0, SharedBaseAddress: 0x0000000800000000, ArchiveRelocationMode: 1.
Narrow klass base: 0x0000000000000000, Narrow klass shift: 0, Narrow klass range: 0x0

GC Precious Log:
 CardTable entry size: 512
 Card Set container configuration: InlinePtr #cards 4 size 8 Array Of Cards #cards 32 size 80 Howl #buckets 8 coarsen threshold 7372 Howl Bitmap #cards 1024 size 144 coarsen threshold 921 Card regions per heap region 1 cards per card region 8192

Heap:
 garbage-first heap   total reserved 8372224K, committed 0K, used 0K [0x0000000601000000, 0x0000000800000000)
  region size 4096K, 0 young (0K), 0 survivors (0K)

[error occurred during error reporting (printing heap information), id 0xc0000005, EXCEPTION_ACCESS_VIOLATION (0xc0000005) at pc=0x00007ffcd1ae47c9]
GC Heap History (0 events):
No events

Dll operation events (1 events):
Event: 0.007 Loaded shared library C:\Users\Паша\.jdks\corretto-22.0.2\bin\java.dll

Deoptimization events (0 events):
No events

Classes loaded (0 events):
No events

Classes unloaded (0 events):
No events

Classes redefined (0 events):
No events

Internal exceptions (0 events):
No events

ZGC Phase Switch (0 events):
No events

VM Operations (0 events):
No events

Memory protections (0 events):
No events

Nmethod flushes (0 events):
No events

Events (0 events):
No events


Dynamic libraries:
0x00007ff649220000 - 0x00007ff64922e000 	C:\Users\Паша\.jdks\corretto-22.0.2\bin\java.exe
0x00007ffd8c0f0000 - 0x00007ffd8c2e8000 	C:\WINDOWS\SYSTEM32\ntdll.dll
0x00007ffd8aa80000 - 0x00007ffd8ab42000 	C:\WINDOWS\System32\KERNEL32.DLL
0x00007ffd89a80000 - 0x00007ffd89d7e000 	C:\WINDOWS\System32\KERNELBASE.dll
0x00007ffd89820000 - 0x00007ffd89920000 	C:\WINDOWS\System32\ucrtbase.dll
0x00007ffd80810000 - 0x00007ffd8082b000 	C:\Users\Паша\.jdks\corretto-22.0.2\bin\VCRUNTIME140.dll
0x00007ffd84f90000 - 0x00007ffd84fa7000 	C:\Users\Паша\.jdks\corretto-22.0.2\bin\jli.dll
0x00007ffd8b520000 - 0x00007ffd8b6bd000 	C:\WINDOWS\System32\USER32.dll
0x00007ffd89fd0000 - 0x00007ffd89ff2000 	C:\WINDOWS\System32\win32u.dll
0x00007ffd73ce0000 - 0x00007ffd73f7a000 	C:\WINDOWS\WinSxS\amd64_microsoft.windows.common-controls_6595b64144ccf1df_6.0.19041.4355_none_60b8b9eb71f62e16\COMCTL32.dll
0x00007ffd8b2e0000 - 0x00007ffd8b30b000 	C:\WINDOWS\System32\GDI32.dll
0x00007ffd8be30000 - 0x00007ffd8bece000 	C:\WINDOWS\System32\msvcrt.dll
0x00007ffd89e30000 - 0x00007ffd89f47000 	C:\WINDOWS\System32\gdi32full.dll
0x00007ffd8a070000 - 0x00007ffd8a10d000 	C:\WINDOWS\System32\msvcp_win.dll
0x00007ffd8b2a0000 - 0x00007ffd8b2cf000 	C:\WINDOWS\System32\IMM32.DLL
0x00007ffd80800000 - 0x00007ffd8080c000 	C:\Users\Паша\.jdks\corretto-22.0.2\bin\vcruntime140_1.dll
0x00007ffd7b930000 - 0x00007ffd7b9bd000 	C:\Users\Паша\.jdks\corretto-22.0.2\bin\msvcp140.dll
0x00007ffcd1390000 - 0x00007ffcd2161000 	C:\Users\Паша\.jdks\corretto-22.0.2\bin\server\jvm.dll
0x00007ffd8a520000 - 0x00007ffd8a5d1000 	C:\WINDOWS\System32\ADVAPI32.dll
0x00007ffd8b480000 - 0x00007ffd8b51f000 	C:\WINDOWS\System32\sechost.dll
0x00007ffd8ab50000 - 0x00007ffd8ac73000 	C:\WINDOWS\System32\RPCRT4.dll
0x00007ffd89f50000 - 0x00007ffd89f77000 	C:\WINDOWS\System32\bcrypt.dll
0x00007ffd8b230000 - 0x00007ffd8b29b000 	C:\WINDOWS\System32\WS2_32.dll
0x00007ffd89090000 - 0x00007ffd890db000 	C:\WINDOWS\SYSTEM32\POWRPROF.dll
0x00007ffd7c8f0000 - 0x00007ffd7c917000 	C:\WINDOWS\SYSTEM32\WINMM.dll
0x00007ffd844f0000 - 0x00007ffd844fa000 	C:\WINDOWS\SYSTEM32\VERSION.dll
0x00007ffd89070000 - 0x00007ffd89082000 	C:\WINDOWS\SYSTEM32\UMPDC.dll
0x00007ffd875f0000 - 0x00007ffd87602000 	C:\WINDOWS\SYSTEM32\kernel.appcore.dll
0x00007ffd807f0000 - 0x00007ffd807fa000 	C:\Users\Паша\.jdks\corretto-22.0.2\bin\jimage.dll
0x00007ffd7bf00000 - 0x00007ffd7c0e4000 	C:\WINDOWS\SYSTEM32\DBGHELP.DLL
0x00007ffd61f50000 - 0x00007ffd61f84000 	C:\WINDOWS\SYSTEM32\dbgcore.DLL
0x00007ffd89790000 - 0x00007ffd89812000 	C:\WINDOWS\System32\bcryptPrimitives.dll
0x00007ffd84dd0000 - 0x00007ffd84dde000 	C:\Users\Паша\.jdks\corretto-22.0.2\bin\instrument.dll
0x00007ffd807d0000 - 0x00007ffd807ee000 	C:\Users\Паша\.jdks\corretto-22.0.2\bin\java.dll
0x00007ffd8b6c0000 - 0x00007ffd8be2d000 	C:\WINDOWS\System32\SHELL32.dll
0x00007ffd8a5e0000 - 0x00007ffd8a70b000 	C:\WINDOWS\System32\ole32.dll
0x00007ffd8a710000 - 0x00007ffd8aa63000 	C:\WINDOWS\System32\combase.dll

dbghelp: loaded successfully - version: 4.0.5 - missing functions: none
symbol engine: initialized successfully - sym options: 0x614 - pdb path: .;C:\Users\Паша\.jdks\corretto-22.0.2\bin;C:\WINDOWS\SYSTEM32;C:\WINDOWS\WinSxS\amd64_microsoft.windows.common-controls_6595b64144ccf1df_6.0.19041.4355_none_60b8b9eb71f62e16;C:\Users\Паша\.jdks\corretto-22.0.2\bi;C:\Users\Паша\.jdks\corretto-22.0.

VM Arguments:
jvm_args: -Dmaven.multiModuleProjectDirectory=L:\java-shareit-gateway -Djansi.passthrough=true -Dmaven.home=L:\IntelliJ IDEA 2022.3\IntelliJ IDEA Community Edition 2022.3.1\plugins\maven\lib\maven3 -Dclassworlds.conf=L:\IntelliJ IDEA 2022.3\IntelliJ IDEA Community Edition 2022.3.1\plugins\maven\lib\maven3\bin\m2.conf -Dmaven.ext.class.path=L:\IntelliJ IDEA 2022.3\IntelliJ IDEA Community Edition 2022.3.1\plugins\maven\lib\maven-event-listener.jar -javaagent:L:\IntelliJ IDEA 2022.3\IntelliJ IDEA Community Edition 2022.3.1\lib\idea_rt.jar=51756:L:\IntelliJ IDEA 2022.3\IntelliJ IDEA Community Edition 2022.3.1\bin -Dfile.encoding=UTF-8 -Dsun.stdout.encoding=UTF-8 -Dsun.stderr.encoding=UTF-8 
java_command: org.codehaus.classworlds.Launcher -Didea.version=2024.2.2 clean
java_class_path (initial): L:\IntelliJ IDEA 2022.3\IntelliJ IDEA Community Edition 2022.3.1\plugins\maven\lib\maven3\boot\plexus-classworlds-2.8.0.jar;L:\IntelliJ IDEA 2022.3\IntelliJ IDEA Community Edition 2022.3.1\plugins\maven\lib\maven3\boot\plexus-classworlds.license
Launcher Type: SUN_STANDARD

[Global flags]
     intx CICompilerCount                          = 4                                         {product} {ergonomic}
     uint ConcGCThreads                            = 2                                         {product} {ergonomic}
     uint G1ConcRefinementThreads                  = 8                                         {product} {ergonomic}
   size_t G1HeapRegionSize                         = 4194304                                   {product} {ergonomic}
   size_t InitialHeapSize                          = 536870912                                 {product} {ergonomic}
   size_t MarkStackSize                            = 4194304                                   {product} {ergonomic}
   size_t MaxHeapSize                              = 8573157376                                {product} {ergonomic}
   size_t MinHeapDeltaBytes                        = 4194304                                   {product} {ergonomic}
   size_t MinHeapSize                              = 8388608                                   {product} {ergonomic}
    uintx NonNMethodCodeHeapSize                   = 5839372                                {pd product} {ergonomic}
    uintx NonProfiledCodeHeapSize                  = 122909434                              {pd product} {ergonomic}
    uintx ProfiledCodeHeapSize                     = 122909434                              {pd product} {ergonomic}
    uintx ReservedCodeCacheSize                    = 251658240                              {pd product} {ergonomic}
     bool SegmentedCodeCache                       = true                                      {product} {ergonomic}
   size_t SoftMaxHeapSize                          = 8573157376                             {manageable} {ergonomic}
     bool UseCompressedOops                        = true                           {product lp64_product} {ergonomic}
     bool UseG1GC                                  = true                                      {product} {ergonomic}
     bool UseLargePagesIndividualAllocation        = false                                  {pd product} {ergonomic}

Logging:
Log output configuration:
 #0: stdout all=warning uptime,level,tags foldmultilines=false
 #1: stderr all=off uptime,level,tags foldmultilines=false

Environment Variables:
JAVA_HOME=C:\Program Files\Amazon Corretto\jdk21.0.3_9
PATH=C:\Program Files\Amazon Corretto\jdk21.0.3_9\bin;C:\Program Files (x86)\Common Files\Intel\Shared Libraries\redist\intel64_win\compiler;C:\Program Files (x86)\Razer Chroma SDK\bin;C:\Program Files\Razer Chroma SDK\bin;C:\Program Files (x86)\Common Files\Intel\Shared Libraries\redist\intel64_win\compiler;C:\Program Files (x86)\Razer\ChromaBroadcast\bin;C:\Program Files\Razer\ChromaBroadcast\bin;C:\Program Files (x86)\Common Files\Intel\Shared Libraries\redist\intel64\compiler;C:\Program Files (x86)\Common Files\Oracle\Java\javapath;C:\Windows\system32;C:\Windows;C:\Windows\System32\Wbem;C:\Windows\System32\WindowsPowerShell\v1.0\;C:\Windows\System32\OpenSSH\;C:\Program Files\NVIDIA Corporation\NVIDIA NvDLISR;C:\Program Files (x86)\NVIDIA Corporation\PhysX\Common;C:\Program Files (x86)\Intel\Intel(R) Management Engine Components\DAL;C:\Program Files\Intel\Intel(R) Management Engine Components\DAL;C:\WINDOWS\system32;C:\WINDOWS;C:\WINDOWS\System32\Wbem;C:\WINDOWS\System32\WindowsPowerShell\v1.0\;C:\WINDOWS\System32\OpenSSH\;C:\WINDOWS\system32\config\systemprofile\AppData\Local\Microsoft\WindowsApps;C:\WINDOWS\system32;C:\WINDOWS;C:\WINDOWS\System32\Wbem;C:\WINDOWS\System32\WindowsPowerShell\v1.0\;C:\WINDOWS\System32\OpenSSH\;C:\Program Files\dotnet\;C:\Program Files\Git\cmd;C:\Program Files\Docker\Docker\resources\bin;C:\Users\Паша\Desktop\Новая папка\ffmpeg-20200527-8b5ffae-win64-static\bin;C:\Program Files (x86)\Razer Chroma SDK\bin;C:\Program Files\Razer Chroma SDK\bin;C:\Program Files (x86)\Common Files\Intel\Shared Libraries\redist\intel64_win\compiler;C:\Program Files (x86)\Razer\ChromaBroadcast\bin;C:\Program Files\Razer\ChromaBroadcast\bin;C:\Program Files (x86)\Common Files\Intel\Shared Libraries\redist\intel64\compiler;C:\Program Files (x86)\Common Files\Oracle\Java\javapath;C:\Windows\system32;C:\Windows;C:\Windows\System32\Wbem;C:\Windows\System32\WindowsPowerShell\v1.0\;C:\Windows\System32\OpenSSH\;C:\Program Files\NVIDIA Corporation\NVIDIA NvDLISR;C:\Program Files (x86)\NVIDIA Corporation\PhysX\Common;C:\Program Files (x86)\Intel\Intel(R) Management Engine Components\DAL;C:\Program Files\Intel\Intel(R) Management Engine Components\DAL;C:\WINDOWS\system32;C:\WINDOWS;C:\WINDOWS\System32\Wbem;C:\WINDOWS\System32\WindowsPowerShell\v1.0\;C:\WINDOWS\System32\OpenSSH\;C:\WINDOWS\system32\config\systemprofile\AppData;C:\Users\Паша\AppData\Local\Microsoft\WindowsApps;;C:\Program Files\JetBrains\IntelliJ IDEA 2020.3\bin;
USERNAME=Паша
OS=Windows_NT
PROCESSOR_IDENTIFIER=Intel64 Family 6 Model 158 Stepping 12, GenuineIntel
TMP=C:\Users\9E39~1\AppData\Local\Temp
TEMP=C:\Users\9E39~1\AppData\Local\Temp




Periodic native trim disabled

---------------  S Y S T E M  ---------------

OS:
 Windows 10 , 64 bit Build 19041 (10.0.19041.5198)
OS uptime: 18 days 13:23 hours
Hyper-V role detected

CPU: total 8 (initial active 8) (8 cores per cpu, 1 threads per core) family 6 model 158 stepping 12 microcode 0xae, cx8, cmov, fxsr, mmx, 3dnowpref, sse, sse2, sse3, ssse3, sse4.1, sse4.2, popcnt, lzcnt, tsc, tscinvbit, avx, avx2, aes, erms, clmul, bmi1, bmi2, rtm, adx, fma, vzeroupper, clflush, clflushopt, hv, rdtscp, f16c
Processor Information for all 8 processors :
  Max Mhz: 3600, Current Mhz: 3600, Mhz Limit: 3600

Memory: 4k page, system-wide physical 32700M (3621M free)
TotalPageFile size 61250M (AvailPageFile size 366M)
current process WorkingSet (physical memory assigned to process): 12M, peak: 12M
current process commit charge ("private bytes"): 61M, peak: 572M

vm_info: OpenJDK 64-Bit Server VM (22.0.2+9-FR) for windows-amd64 JRE (22.0.2+9-FR), built on 2024-07-09T01:10:09Z by "Administrator" with MS VC++ 16.10 / 16.11 (VS2019)

END.
